{
  "RSpec": {
    "coverage": {
      "/Users/vasudharsaithokala/Documents/projects/search/spec/controllers/organizations_controller_spec.rb": [
        1,
        null,
        1,
        null,
        1,
        1,
        1,
        1,
        null,
        null,
        null,
        null,
        1,
        1,
        1,
        1,
        1,
        null,
        null,
        null,
        null
      ],
      "/Users/vasudharsaithokala/Documents/projects/search/spec/rails_helper.rb": [
        null,
        1,
        1,
        1,
        null,
        1,
        1,
        null,
        null,
        null,
        null,
        null,
        null,
        null,
        null,
        null,
        null,
        null,
        null,
        null,
        null,
        null,
        null,
        null,
        null,
        null,
        1,
        1,
        null,
        0,
        0,
        null,
        1,
        null,
        1,
        null,
        null,
        null,
        null,
        1,
        null,
        null,
        null,
        null,
        null,
        null,
        null,
        null,
        null,
        null,
        null,
        null,
        null,
        null,
        1,
        null,
        null,
        1,
        null,
        null,
        null
      ],
      "/Users/vasudharsaithokala/Documents/projects/search/config/environment.rb": [
        null,
        1,
        null,
        null,
        1
      ],
      "/Users/vasudharsaithokala/Documents/projects/search/config/application.rb": [
        1,
        null,
        1,
        null,
        null,
        null,
        1,
        null,
        1,
        1,
        null,
        1,
        null,
        1,
        null,
        null,
        1,
        null,
        null,
        null,
        null,
        null,
        null,
        null
      ],
      "/Users/vasudharsaithokala/Documents/projects/search/config/boot.rb": [
        1,
        null,
        1,
        1
      ],
      "/Users/vasudharsaithokala/Documents/projects/search/config/environments/test.rb": [
        1,
        null,
        null,
        null,
        null,
        null,
        null,
        1,
        null,
        null,
        null,
        null,
        1,
        null,
        null,
        1,
        1,
        null,
        null,
        null,
        null,
        1,
        1,
        null,
        null,
        1,
        null,
        null,
        1,
        null,
        null,
        1,
        null,
        1,
        null,
        null,
        null,
        null,
        1,
        null,
        null,
        1,
        null,
        null,
        null,
        null
      ],
      "/Users/vasudharsaithokala/Documents/projects/search/config/initializers/application_controller_renderer.rb": [
        null,
        null,
        null,
        null,
        null,
        null,
        null,
        null
      ],
      "/Users/vasudharsaithokala/Documents/projects/search/config/initializers/assets.rb": [
        null,
        null,
        null,
        1,
        null,
        null,
        null,
        null,
        1,
        null,
        null,
        null,
        null,
        null
      ],
      "/Users/vasudharsaithokala/Documents/projects/search/config/initializers/backtrace_silencers.rb": [
        null,
        null,
        null,
        null,
        null,
        null,
        null
      ],
      "/Users/vasudharsaithokala/Documents/projects/search/config/initializers/content_security_policy.rb": [
        null,
        null,
        null,
        null,
        null,
        null,
        null,
        null,
        null,
        null,
        null,
        null,
        null,
        null,
        null,
        null,
        null,
        null,
        null,
        null,
        null,
        null,
        null,
        null,
        null
      ],
      "/Users/vasudharsaithokala/Documents/projects/search/config/initializers/cookies_serializer.rb": [
        null,
        null,
        null,
        null,
        1
      ],
      "/Users/vasudharsaithokala/Documents/projects/search/config/initializers/filter_parameter_logging.rb": [
        null,
        null,
        null,
        1
      ],
      "/Users/vasudharsaithokala/Documents/projects/search/config/initializers/inflections.rb": [
        null,
        null,
        null,
        null,
        null,
        null,
        null,
        null,
        null,
        null,
        null,
        null,
        null,
        null,
        null,
        null
      ],
      "/Users/vasudharsaithokala/Documents/projects/search/config/initializers/mime_types.rb": [
        null,
        null,
        null,
        null
      ],
      "/Users/vasudharsaithokala/Documents/projects/search/config/initializers/wrap_parameters.rb": [
        null,
        null,
        null,
        null,
        null,
        null,
        1,
        2,
        null,
        null,
        null,
        null,
        null,
        null
      ],
      "/Users/vasudharsaithokala/Documents/projects/search/spec/factories/organizations.rb": [
        1,
        1,
        null,
        null,
        null
      ],
      "/Users/vasudharsaithokala/Documents/projects/search/spec/factories/tickets.rb": [
        1,
        1,
        null,
        null,
        null
      ],
      "/Users/vasudharsaithokala/Documents/projects/search/spec/factories/users.rb": [
        1,
        1,
        null,
        null,
        null
      ],
      "/Users/vasudharsaithokala/Documents/projects/search/config/routes.rb": [
        1,
        1,
        null,
        1,
        1,
        1,
        null,
        null,
        null,
        1,
        1,
        1,
        null,
        null,
        null,
        1,
        1,
        1,
        null,
        null,
        null,
        null,
        null
      ],
      "/Users/vasudharsaithokala/Documents/projects/search/app/helpers/application_helper.rb": [
        1,
        null
      ],
      "/Users/vasudharsaithokala/Documents/projects/search/app/helpers/organizations_helper.rb": [
        1,
        null
      ],
      "/Users/vasudharsaithokala/Documents/projects/search/app/helpers/tickets_helper.rb": [
        1,
        null
      ],
      "/Users/vasudharsaithokala/Documents/projects/search/app/helpers/users_helper.rb": [
        1,
        null
      ],
      "/Users/vasudharsaithokala/Documents/projects/search/app/helpers/welcome_helper.rb": [
        1,
        null
      ],
      "/Users/vasudharsaithokala/Documents/projects/search/app/controllers/organizations_controller.rb": [
        1,
        null,
        1,
        2,
        2,
        2,
        null,
        null,
        null,
        null
      ],
      "/Users/vasudharsaithokala/Documents/projects/search/app/controllers/application_controller.rb": [
        1,
        null
      ],
      "/Users/vasudharsaithokala/Documents/projects/search/spec/controllers/tickets_controller_spec.rb": [
        1,
        null,
        1,
        null,
        1,
        1,
        1,
        1,
        null,
        null,
        null,
        null,
        1,
        1,
        1,
        1,
        1,
        null,
        null,
        null,
        null
      ],
      "/Users/vasudharsaithokala/Documents/projects/search/app/controllers/tickets_controller.rb": [
        1,
        null,
        1,
        2,
        2,
        2,
        null,
        null,
        null
      ],
      "/Users/vasudharsaithokala/Documents/projects/search/spec/controllers/users_controller_spec.rb": [
        1,
        null,
        1,
        null,
        1,
        1,
        1,
        1,
        null,
        null,
        null,
        null,
        1,
        1,
        1,
        1,
        1,
        null,
        null,
        null,
        null
      ],
      "/Users/vasudharsaithokala/Documents/projects/search/app/controllers/users_controller.rb": [
        1,
        null,
        1,
        2,
        2,
        2,
        null,
        null,
        null
      ],
      "/Users/vasudharsaithokala/Documents/projects/search/spec/models/organization_spec.rb": [
        1,
        null,
        1,
        null,
        1,
        1,
        1,
        1,
        1,
        null,
        null,
        null,
        1,
        1,
        1,
        1,
        1,
        1,
        1,
        null,
        null,
        null,
        1,
        1,
        1,
        1,
        1,
        1,
        1,
        null,
        null,
        1,
        1,
        1,
        1,
        1,
        1,
        null,
        null,
        null,
        null,
        1,
        1,
        1,
        1,
        null,
        null,
        null,
        null
      ],
      "/Users/vasudharsaithokala/Documents/projects/search/app/models/organization.rb": [
        1,
        null,
        1,
        1,
        null,
        null,
        null
      ],
      "/Users/vasudharsaithokala/Documents/projects/search/app/models/application_record.rb": [
        1,
        1,
        null,
        null,
        1,
        null,
        1,
        18,
        6,
        12,
        4,
        null,
        8,
        null,
        null,
        null,
        null,
        1,
        7,
        null,
        null,
        1,
        45,
        null,
        null,
        null,
        null,
        null
      ],
      "/Users/vasudharsaithokala/Documents/projects/search/spec/models/ticket_spec.rb": [
        1,
        null,
        1,
        null,
        1,
        1,
        1,
        1,
        1,
        null,
        null,
        null,
        1,
        1,
        1,
        1,
        1,
        1,
        1,
        null,
        null,
        null,
        1,
        1,
        1,
        1,
        1,
        1,
        1,
        null,
        null,
        1,
        1,
        1,
        1,
        1,
        1,
        null,
        null,
        null,
        null,
        1,
        1,
        1,
        1,
        1,
        1,
        1,
        null,
        null,
        null,
        null
      ],
      "/Users/vasudharsaithokala/Documents/projects/search/app/models/ticket.rb": [
        1,
        null,
        null,
        1,
        null,
        null
      ],
      "/Users/vasudharsaithokala/Documents/projects/search/spec/models/user_spec.rb": [
        1,
        null,
        1,
        null,
        1,
        1,
        1,
        1,
        1,
        null,
        null,
        null,
        1,
        1,
        1,
        1,
        1,
        1,
        1,
        null,
        null,
        null,
        1,
        1,
        1,
        1,
        1,
        1,
        1,
        null,
        null,
        null,
        null
      ],
      "/Users/vasudharsaithokala/Documents/projects/search/app/models/user.rb": [
        1,
        null,
        null,
        1,
        null,
        null
      ],
      "/Users/vasudharsaithokala/Documents/projects/search/app/models/domain_name.rb": [
        1,
        null,
        null,
        null
      ],
      "/Users/vasudharsaithokala/Documents/projects/search/app/models/tag.rb": [
        1,
        null,
        1,
        null,
        null
      ]
    },
    "timestamp": 1566285672
  }
}
